Connecting to replica 0 at /192.168.56.10:11000
Channel active
Connecting to replica 1 at /192.168.56.11:11010
Connecting to replica 2 at /192.168.56.12:11020
Connecting to replica 3 at /192.168.56.13:11030
Channel active
Channel active
Channel active
Connecting to replica 0 at /192.168.56.10:11000
Connecting to replica 1 at /192.168.56.11:11010
Connecting to replica 2 at /192.168.56.12:11020Connecting to replica 0 at /192.168.56.10:11000
Channel active

Channel active
Connecting to replica 3 at /192.168.56.13:11030
Channel active
Channel active
Channel active
Connecting to replica 1 at /192.168.56.11:11010
Connecting to replica 2 at /192.168.56.12:11020
Channel active
Connecting to replica 3 at /192.168.56.13:11030
Channel active
Channel active
Connecting to replica 0 at /192.168.56.10:11000
Channel active
Connecting to replica 1 at /192.168.56.11:11010
Connecting to replica 2 at /192.168.56.12:11020
Channel active
Connecting to replica 3 at /192.168.56.13:11030
Channel active
Channel active
SystemCPULoad: 0.0
SystemCPULoad: 1.0204081632653061
SystemCPULoad: 4.123711340206185
SystemCPULoad: 6.0606060606060606
1002 // 0 // TIMEOUT // Replies received: 0
1000 // 0 // TIMEOUT // Replies received: 0
1001 // 0 // TIMEOUT // Replies received: 0
1003 // 0 // TIMEOUT // Replies received: 0
SystemCPULoad: 0.4161566707466341
SystemCPULoad: 0.34221461745294546
SystemCPULoad: 0.3911980440097799
SystemCPULoad: 0.3911980440097799
Connecting to replica 0 at /192.168.56.10:11000
Channel active
Connecting to replica 1 at /192.168.56.11:11010
Connecting to replica 2 at /192.168.56.12:11020
Connecting to replica 3 at /192.168.56.13:11030
Channel active
Channel active
Channel active
Connecting to replica 0 at /192.168.56.10:11000
Channel active
Connecting to replica 1 at /192.168.56.11:11010
Connecting to replica 2 at /192.168.56.12:11020
Channel active
Connecting to replica 3 at /192.168.56.13:11030
Channel active
Channel active
Connecting to replica 0 at /192.168.56.10:11000
Channel active
Connecting to replica 1 at /192.168.56.11:11010
Connecting to replica 2 at /192.168.56.12:11020
Channel active
Connecting to replica 3 at /192.168.56.13:11030
Channel active
Channel active
Connecting to replica 0 at /192.168.56.10:11000
Channel active
Connecting to replica 1 at /192.168.56.11:11010
Connecting to replica 2 at /192.168.56.12:11020
Channel active
Connecting to replica 3 at /192.168.56.13:11030
Channel active
Channel active
SystemCPULoad: 1.0101010101010102
SystemCPULoad: 1.0
SystemCPULoad: 3.0303030303030303
SystemCPULoad: 5.263157894736842
SystemCPULoad: 14.414414414414415
SystemCPULoad: 20.18348623853211
SystemCPULoad: 8.737864077669903
SystemCPULoad: 15.315315315315313
SystemCPULoad: 4.9504950495049505
SystemCPULoad: 4.9504950495049505
SystemCPULoad: 4.901960784313726
SystemCPULoad: 4.0
SystemCPULoad: 3.0
SystemCPULoad: 4.9504950495049505
SystemCPULoad: 4.9504950495049505
SystemCPULoad: 6.0606060606060606
SystemCPULoad: 3.061224489795918
SystemCPULoad: 6.9306930693069315
SystemCPULoad: 6.000000000000001
SystemCPULoad: 5.0
SystemCPULoad: 5.0
SystemCPULoad: 5.88235294117647
SystemCPULoad: 6.666666666666667
SystemCPULoad: 5.88235294117647
SystemCPULoad: 5.88235294117647
SystemCPULoad: 10.0
SystemCPULoad: 3.0303030303030303
SystemCPULoad: 4.0
SystemCPULoad: 5.0
SystemCPULoad: 4.0
SystemCPULoad: 4.0
SystemCPULoad: 5.0
SystemCPULoad: 8.910891089108912
SystemCPULoad: 3.9215686274509802
SystemCPULoad: 2.9702970297029703
SystemCPULoad: 2.9702970297029703
SystemCPULoad: 4.0
SystemCPULoad: 3.9603960396039604
SystemCPULoad: 10.0
SystemCPULoad: 4.901960784313726
SystemCPULoad: 3.0
SystemCPULoad: 3.9603960396039604
SystemCPULoad: 4.854368932038835
SystemCPULoad: 7.920792079207921
SystemCPULoad: 3.9215686274509802
SystemCPULoad: 6.0606060606060606
SystemCPULoad: 4.040404040404041
SystemCPULoad: 4.0
SystemCPULoad: 2.0
SystemCPULoad: 3.9603960396039604
SystemCPULoad: 4.854368932038835
SystemCPULoad: 2.9702970297029703
SystemCPULoad: 4.901960784313726
SystemCPULoad: 3.9215686274509802
SystemCPULoad: 3.9603960396039604
SystemCPULoad: 4.9504950495049505
SystemCPULoad: 3.9603960396039604
SystemCPULoad: 3.9603960396039604
SystemCPULoad: 3.0
SystemCPULoad: 2.9702970297029703
SystemCPULoad: 1.9801980198019802
SystemCPULoad: 2.9702970297029703
SystemCPULoad: 3.9603960396039604
SystemCPULoad: 2.941176470588235
Connecting to replica 0 at /192.168.56.10:11000
Channel active
Connecting to replica 1 at /192.168.56.11:11010
Connecting to replica 2 at /192.168.56.12:11020
Channel active
Connecting to replica 3 at /192.168.56.13:11030
Channel active
Channel active
Connecting to replica 0 at /192.168.56.10:11000
Channel active
Connecting to replica 1 at /192.168.56.11:11010
Connecting to replica 2 at /192.168.56.12:11020
Channel active
Connecting to replica 3 at /192.168.56.13:11030
Channel active
Channel active
Connecting to replica 0 at /192.168.56.10:11000
Channel active
Connecting to replica 1 at /192.168.56.11:11010
Connecting to replica 2 at /192.168.56.12:11020
Channel active
Connecting to replica 3 at /192.168.56.13:11030
Channel active
Channel active
Connecting to replica 0 at /192.168.56.10:11000
Channel active
Connecting to replica 1 at /192.168.56.11:11010
Connecting to replica 2 at /192.168.56.12:11020
Channel active
Connecting to replica 3 at /192.168.56.13:11030
Channel active
Channel active
SystemCPULoad: 2.0
SystemCPULoad: 0.0
SystemCPULoad: 8.24742268041237
SystemCPULoad: 8.333333333333334
SystemCPULoad: 11.320754716981133
SystemCPULoad: 11.428571428571429
SystemCPULoad: 7.766990291262135
SystemCPULoad: 4.504504504504505
SystemCPULoad: 4.504504504504505
SystemCPULoad: 3.8095238095238098
SystemCPULoad: 3.9215686274509802
SystemCPULoad: 4.290429042904291
SystemCPULoad: 4.807692307692308
SystemCPULoad: 3.9215686274509802
SystemCPULoad: 6.796116504854369
SystemCPULoad: 6.796116504854369
SystemCPULoad: 4.9504950495049505
SystemCPULoad: 6.796116504854369
SystemCPULoad: 6.0606060606060606
SystemCPULoad: 5.940594059405941
SystemCPULoad: 6.796116504854369
SystemCPULoad: 7.6923076923076925
SystemCPULoad: 4.9504950495049505
SystemCPULoad: 4.9504950495049505
SystemCPULoad: 7.8431372549019605
SystemCPULoad: 4.901960784313726
SystemCPULoad: 4.0
SystemCPULoad: 4.9504950495049505
SystemCPULoad: 5.9405940594059405
SystemCPULoad: 4.0
SystemCPULoad: 5.0
SystemCPULoad: 6.9306930693069315
SystemCPULoad: 5.88235294117647
SystemCPULoad: 3.9215686274509802
SystemCPULoad: 5.825242718446602
SystemCPULoad: 4.9504950495049505
SystemCPULoad: 3.9215686274509802
SystemCPULoad: 3.0303030303030303
SystemCPULoad: 2.0202020202020203
SystemCPULoad: 3.9603960396039604
SystemCPULoad: 3.9603960396039604
SystemCPULoad: 3.9215686274509802
SystemCPULoad: 4.901960784313726
SystemCPULoad: 3.9215686274509802
SystemCPULoad: 4.9504950495049505
SystemCPULoad: 3.9603960396039604
SystemCPULoad: 4.901960784313726
SystemCPULoad: 3.0
SystemCPULoad: 2.9702970297029703
SystemCPULoad: 4.9504950495049505
SystemCPULoad: 5.88235294117647
SystemCPULoad: 2.9702970297029703
SystemCPULoad: 3.9603960396039604
SystemCPULoad: 6.9306930693069315
SystemCPULoad: 2.0202020202020203
SystemCPULoad: 3.9215686274509802
SystemCPULoad: 3.9603960396039604
SystemCPULoad: 3.9215686274509802
SystemCPULoad: 3.8834951456310676
SystemCPULoad: 3.0
SystemCPULoad: 2.9702970297029703
SystemCPULoad: 2.9702970297029703
SystemCPULoad: 3.0
SystemCPULoad: 3.9215686274509802
SystemCPULoad: 2.9702970297029703
SystemCPULoad: 2.9702970297029703
SystemCPULoad: 3.9603960396039604
SystemCPULoad: 4.854368932038835
SystemCPULoad: 3.9215686274509802
SystemCPULoad: 3.0
SystemCPULoad: 2.9702970297029703
SystemCPULoad: 2.9702970297029703
SystemCPULoad: 2.9702970297029703
SystemCPULoad: 4.9504950495049505
SystemCPULoad: 2.0
SystemCPULoad: 3.9603960396039604
SystemCPULoad: 2.0
SystemCPULoad: 4.854368932038835
SystemCPULoad: 5.825242718446601
SystemCPULoad: 6.0
SystemCPULoad: 3.8834951456310676
SystemCPULoad: 1.9801980198019802
SystemCPULoad: 13.333333333333334
SystemCPULoad: 12.5
SystemCPULoad: 4.854368932038835
SystemCPULoad: 2.0
SystemCPULoad: 2.9702970297029703
SystemCPULoad: 2.9702970297029703
SystemCPULoad: 25.641025641025646
SystemCPULoad: 4.854368932038835
SystemCPULoad: 2.9702970297029703
SystemCPULoad: 3.8834951456310676
SystemCPULoad: 2.9702970297029703
SystemCPULoad: 1.0101010101010102
SystemCPULoad: 3.0
SystemCPULoad: 3.0303030303030303
SystemCPULoad: 2.9702970297029703
SystemCPULoad: 27.27272727272727
SystemCPULoad: 3.9603960396039604
SystemCPULoad: 3.9215686274509802
SystemCPULoad: 2.9702970297029703
SystemCPULoad: 3.9603960396039604
SystemCPULoad: 2.9702970297029703
SystemCPULoad: 2.0
SystemCPULoad: 6.122448979591836
SystemCPULoad: 1.0101010101010102
SystemCPULoad: 2.9702970297029703
SystemCPULoad: 2.9702970297029703
SystemCPULoad: 4.0
SystemCPULoad: 5.88235294117647
SystemCPULoad: 4.9504950495049505
SystemCPULoad: 3.9603960396039604
SystemCPULoad: 1.0
SystemCPULoad: 2.0
SystemCPULoad: 2.9702970297029703
SystemCPULoad: 4.854368932038835
SystemCPULoad: 6.0606060606060606
SystemCPULoad: 5.050505050505051
SystemCPULoad: 8.0
SystemCPULoad: 3.9603960396039604
SystemCPULoad: 1.9607843137254901
SystemCPULoad: 5.0
SystemCPULoad: 3.9603960396039604
SystemCPULoad: 5.10204081632653
SystemCPULoad: 4.901960784313726
SystemCPULoad: 25.609756097560975
SystemCPULoad: 3.9215686274509802
SystemCPULoad: 2.9702970297029703
SystemCPULoad: 3.9215686274509802
SystemCPULoad: 3.0
SystemCPULoad: 2.9702970297029703
SystemCPULoad: 3.9215686274509802
SystemCPULoad: 2.9702970297029703
SystemCPULoad: 2.941176470588235
SystemCPULoad: 1.0101010101010102
SystemCPULoad: 2.941176470588235
SystemCPULoad: 2.9702970297029703
SystemCPULoad: 4.0
SystemCPULoad: 2.9702970297029703
SystemCPULoad: 6.0606060606060606
SystemCPULoad: 1.9801980198019802
SystemCPULoad: 6.0606060606060606
SystemCPULoad: 6.0606060606060606
SystemCPULoad: 2.9702970297029703
SystemCPULoad: 7.216494845360826
SystemCPULoad: 1.9801980198019802
SystemCPULoad: 2.9702970297029703
SystemCPULoad: 1.9801980198019802
SystemCPULoad: 2.9702970297029703
SystemCPULoad: 2.9702970297029703
SystemCPULoad: 2.0
SystemCPULoad: 2.0
SystemCPULoad: 3.9215686274509802
SystemCPULoad: 2.0
SystemCPULoad: 2.0
SystemCPULoad: 1.9801980198019802
SystemCPULoad: 1.9801980198019802
SystemCPULoad: 1.9801980198019802
SystemCPULoad: 2.941176470588235
SystemCPULoad: 2.9702970297029703
SystemCPULoad: 3.0
SystemCPULoad: 4.854368932038835
SystemCPULoad: 1.9801980198019802
SystemCPULoad: 2.0
SystemCPULoad: 1.0
SystemCPULoad: 3.061224489795918
SystemCPULoad: 2.9702970297029703
SystemCPULoad: 3.9215686274509802
SystemCPULoad: 2.9702970297029703
SystemCPULoad: 2.0
SystemCPULoad: 2.9702970297029703
SystemCPULoad: 1.0101010101010102
SystemCPULoad: 2.9702970297029703
SystemCPULoad: 2.9702970297029703
SystemCPULoad: 6.0606060606060606
SystemCPULoad: 6.000000000000001
SystemCPULoad: 4.901960784313726
SystemCPULoad: 4.0
SystemCPULoad: 4.0
SystemCPULoad: 5.10204081632653
SystemCPULoad: 13.043478260869565
SystemCPULoad: 13.043478260869565
SystemCPULoad: 4.081632653061225
SystemCPULoad: 2.0202020202020203
SystemCPULoad: 1.0
SystemCPULoad: 3.9215686274509802
SystemCPULoad: 3.9215686274509802
SystemCPULoad: 3.8834951456310676
SystemCPULoad: 4.040404040404041
SystemCPULoad: 3.9215686274509802
SystemCPULoad: 2.0
SystemCPULoad: 2.9702970297029703
SystemCPULoad: 11.224489795918368
SystemCPULoad: 2.0
SystemCPULoad: 2.0
SystemCPULoad: 1.0101010101010102
SystemCPULoad: 1.0
SystemCPULoad: 3.8834951456310676
SystemCPULoad: 2.9702970297029703
SystemCPULoad: 2.9702970297029703
SystemCPULoad: 2.9702970297029703
SystemCPULoad: 5.0
SystemCPULoad: 8.421052631578947
SystemCPULoad: 1.9801980198019802
SystemCPULoad: 2.9702970297029703
SystemCPULoad: 6.25
SystemCPULoad: 1.0101010101010102
SystemCPULoad: 8.333333333333334
SystemCPULoad: 2.9702970297029703
SystemCPULoad: 3.0303030303030303
SystemCPULoad: 1.9801980198019802
SystemCPULoad: 1.0101010101010102
SystemCPULoad: 2.0
SystemCPULoad: 1.9801980198019802
SystemCPULoad: 2.0
SystemCPULoad: 2.941176470588235
SystemCPULoad: 1.9801980198019802
SystemCPULoad: 3.9603960396039604
SystemCPULoad: 2.9702970297029703
SystemCPULoad: 2.9702970297029703
SystemCPULoad: 3.8834951456310676
SystemCPULoad: 2.9702970297029703
SystemCPULoad: 2.9702970297029703
SystemCPULoad: 2.0
SystemCPULoad: 4.0
SystemCPULoad: 1.0
SystemCPULoad: 2.9702970297029703
SystemCPULoad: 3.8834951456310676
SystemCPULoad: 2.0
SystemCPULoad: 2.941176470588235
SystemCPULoad: 1.9801980198019802
SystemCPULoad: 1.0101010101010102
SystemCPULoad: 1.9801980198019802
SystemCPULoad: 2.9702970297029703
SystemCPULoad: 1.0
SystemCPULoad: 1.9801980198019802
SystemCPULoad: 2.941176470588235
SystemCPULoad: 2.0
SystemCPULoad: 3.9603960396039604
SystemCPULoad: 2.941176470588235
SystemCPULoad: 2.0
SystemCPULoad: 2.9702970297029703
SystemCPULoad: 3.9215686274509802
SystemCPULoad: 1.0204081632653061
SystemCPULoad: 2.9702970297029703
SystemCPULoad: 2.0
SystemCPULoad: 1.9801980198019802
SystemCPULoad: 2.941176470588235
SystemCPULoad: 2.0
SystemCPULoad: 2.0
SystemCPULoad: 2.9702970297029703
SystemCPULoad: 1.0
SystemCPULoad: 2.9702970297029703
SystemCPULoad: 1.9801980198019802
SystemCPULoad: 2.9702970297029703
SystemCPULoad: 3.0
SystemCPULoad: 3.9603960396039604
SystemCPULoad: 5.825242718446602
SystemCPULoad: 4.0
SystemCPULoad: 3.9603960396039604
SystemCPULoad: 3.9603960396039604
SystemCPULoad: 3.0
SystemCPULoad: 1.9801980198019802
SystemCPULoad: 2.9702970297029703
SystemCPULoad: 1.9801980198019802
SystemCPULoad: 1.9801980198019802
SystemCPULoad: 1.0101010101010102
SystemCPULoad: 1.0
SystemCPULoad: 2.9702970297029703
SystemCPULoad: 1.9801980198019802
SystemCPULoad: 1.9801980198019802
SystemCPULoad: 1.0
SystemCPULoad: 2.0
SystemCPULoad: 2.0
SystemCPULoad: 1.9801980198019802
SystemCPULoad: 1.9801980198019802
SystemCPULoad: 3.8834951456310676
SystemCPULoad: 1.9801980198019802
SystemCPULoad: 1.0
SystemCPULoad: 2.0
SystemCPULoad: 2.0
SystemCPULoad: 2.9702970297029703
SystemCPULoad: 1.9801980198019802
SystemCPULoad: 2.941176470588235
SystemCPULoad: 1.0
SystemCPULoad: 1.0
SystemCPULoad: 3.0
SystemCPULoad: 3.0
SystemCPULoad: 2.0
SystemCPULoad: 3.9603960396039604
SystemCPULoad: 2.9702970297029703
SystemCPULoad: 2.9702970297029703
SystemCPULoad: 5.825242718446601
SystemCPULoad: 2.0
SystemCPULoad: 3.0
SystemCPULoad: 2.9702970297029703
SystemCPULoad: 1.0
SystemCPULoad: 3.9215686274509802
SystemCPULoad: 1.9801980198019802
SystemCPULoad: 1.0
SystemCPULoad: 3.0303030303030303
SystemCPULoad: 5.050505050505051
SystemCPULoad: 6.0606060606060606
SystemCPULoad: 6.0606060606060606
SystemCPULoad: 1.9801980198019802
SystemCPULoad: 2.9702970297029703
SystemCPULoad: 1.0101010101010102
SystemCPULoad: 1.0
SystemCPULoad: 7.291666666666667
SystemCPULoad: 1.9607843137254901
SystemCPULoad: 1.9607843137254901
SystemCPULoad: 1.9801980198019802
SystemCPULoad: 2.0
SystemCPULoad: 1.0101010101010102
SystemCPULoad: 2.0
SystemCPULoad: 2.0
SystemCPULoad: 2.9702970297029703
SystemCPULoad: 5.0
SystemCPULoad: 2.9702970297029703
SystemCPULoad: 2.941176470588235
SystemCPULoad: 3.9215686274509802
SystemCPULoad: 2.9702970297029703
SystemCPULoad: 2.9702970297029703
SystemCPULoad: 2.0
SystemCPULoad: 3.0303030303030303
SystemCPULoad: 2.941176470588235
SystemCPULoad: 2.9126213592233006
SystemCPULoad: 1.9801980198019802
SystemCPULoad: 4.040404040404041
SystemCPULoad: 1.0
SystemCPULoad: 4.040404040404041
SystemCPULoad: 2.941176470588235
SystemCPULoad: 1.9801980198019802
SystemCPULoad: 1.9801980198019802
SystemCPULoad: 1.0
SystemCPULoad: 3.0
SystemCPULoad: 1.9801980198019802
SystemCPULoad: 2.0
SystemCPULoad: 1.9801980198019802
SystemCPULoad: 2.9702970297029703
SystemCPULoad: 10.989010989010989
SystemCPULoad: 1.0
SystemCPULoad: 4.040404040404041
SystemCPULoad: 2.941176470588235
SystemCPULoad: 2.0
SystemCPULoad: 2.941176470588235
SystemCPULoad: 1.9801980198019802
SystemCPULoad: 1.0101010101010102
SystemCPULoad: 1.9607843137254901
SystemCPULoad: 1.0
SystemCPULoad: 1.9801980198019802
SystemCPULoad: 3.0303030303030303
SystemCPULoad: 2.0
SystemCPULoad: 3.061224489795918
SystemCPULoad: 2.9702970297029703
SystemCPULoad: 2.941176470588235
SystemCPULoad: 2.941176470588235
SystemCPULoad: 11.956521739130435
SystemCPULoad: 1.9801980198019802
SystemCPULoad: 1.9801980198019802
SystemCPULoad: 2.0
SystemCPULoad: 0.0
SystemCPULoad: 1.9801980198019802
SystemCPULoad: 11.363636363636363
SystemCPULoad: 3.9603960396039604
SystemCPULoad: 1.9607843137254901
SystemCPULoad: 13.829787234042554
SystemCPULoad: 4.0
SystemCPULoad: 1.0101010101010102
SystemCPULoad: 3.0303030303030303
SystemCPULoad: 3.0
SystemCPULoad: 1.0
SystemCPULoad: 2.941176470588235
SystemCPULoad: 1.0
SystemCPULoad: 2.0
SystemCPULoad: 2.9702970297029703
SystemCPULoad: 2.0
SystemCPULoad: 2.9702970297029703
SystemCPULoad: 1.9801980198019802
SystemCPULoad: 2.9702970297029703
SystemCPULoad: 1.0
SystemCPULoad: 1.9801980198019802
SystemCPULoad: 2.9702970297029703
SystemCPULoad: 1.9801980198019802
SystemCPULoad: 2.941176470588235
SystemCPULoad: 3.0
SystemCPULoad: 3.0303030303030303
SystemCPULoad: 2.0202020202020203
SystemCPULoad: 3.9215686274509802
SystemCPULoad: 1.9801980198019802
SystemCPULoad: 2.941176470588235
SystemCPULoad: 1.9801980198019802
SystemCPULoad: 1.0
SystemCPULoad: 1.9801980198019802
SystemCPULoad: 1.9801980198019802
SystemCPULoad: 1.0
SystemCPULoad: 1.0
SystemCPULoad: 1.0
SystemCPULoad: 1.9801980198019802
SystemCPULoad: 1.9801980198019802
SystemCPULoad: 2.941176470588235
SystemCPULoad: 4.040404040404041
SystemCPULoad: 3.9215686274509802
SystemCPULoad: 2.9702970297029703
SystemCPULoad: 2.9702970297029703
SystemCPULoad: 1.9801980198019802
SystemCPULoad: 2.0202020202020203
SystemCPULoad: 0.9900990099009901SystemCPULoad: 3.0

SystemCPULoad: 3.0927835051546393
SystemCPULoad: 1.0
SystemCPULoad: 3.0
SystemCPULoad: 4.040404040404041
SystemCPULoad: 3.9603960396039604
SystemCPULoad: 2.9702970297029703
SystemCPULoad: 3.9603960396039604
SystemCPULoad: 2.941176470588235
SystemCPULoad: 1.9801980198019802
SystemCPULoad: 3.0303030303030303
SystemCPULoad: 2.0
SystemCPULoad: 4.081632653061225
SystemCPULoad: 1.0
SystemCPULoad: 1.9607843137254901
SystemCPULoad: 1.0
SystemCPULoad: 1.9801980198019802
SystemCPULoad: 1.9801980198019802
SystemCPULoad: 2.0
SystemCPULoad: 1.0
SystemCPULoad: 1.9801980198019802
SystemCPULoad: 1.0
SystemCPULoad: 1.0
SystemCPULoad: 1.9801980198019802
SystemCPULoad: 1.9801980198019802
SystemCPULoad: 2.941176470588235
SystemCPULoad: 2.9702970297029703
SystemCPULoad: 2.9702970297029703
SystemCPULoad: 1.9801980198019802
SystemCPULoad: 1.9801980198019802
SystemCPULoad: 1.0
SystemCPULoad: 1.9801980198019802
SystemCPULoad: 2.0
SystemCPULoad: 1.0
SystemCPULoad: 1.0
SystemCPULoad: 1.0
SystemCPULoad: 1.0
SystemCPULoad: 2.0
SystemCPULoad: 1.9801980198019802
SystemCPULoad: 1.0
SystemCPULoad: 3.0
SystemCPULoad: 2.941176470588235
SystemCPULoad: 3.0
SystemCPULoad: 2.941176470588235
SystemCPULoad: 1.9801980198019802
SystemCPULoad: 2.9702970297029703
SystemCPULoad: 1.0
SystemCPULoad: 1.9801980198019802
SystemCPULoad: 1.0
SystemCPULoad: 1.0
SystemCPULoad: 1.0
SystemCPULoad: 1.0
SystemCPULoad: 2.0
SystemCPULoad: 1.9801980198019802
SystemCPULoad: 1.0
SystemCPULoad: 1.0101010101010102
SystemCPULoad: 1.9801980198019802
SystemCPULoad: 1.9801980198019802
SystemCPULoad: 0.0
SystemCPULoad: 0.0
SystemCPULoad: 1.0
SystemCPULoad: 1.0
SystemCPULoad: 2.941176470588235
SystemCPULoad: 2.941176470588235
SystemCPULoad: 1.9801980198019802
SystemCPULoad: 1.9801980198019802
SystemCPULoad: 1.0101010101010102
SystemCPULoad: 1.0
SystemCPULoad: 2.941176470588235
SystemCPULoad: 1.9801980198019802
SystemCPULoad: 1.9607843137254901
SystemCPULoad: 1.0101010101010102
SystemCPULoad: 1.0101010101010102
SystemCPULoad: 2.0
SystemCPULoad: 2.0
SystemCPULoad: 1.9607843137254901
SystemCPULoad: 2.9126213592233006
SystemCPULoad: 1.9607843137254901
SystemCPULoad: 1.9801980198019802
SystemCPULoad: 2.0
SystemCPULoad: 2.941176470588235
SystemCPULoad: 1.0101010101010102
SystemCPULoad: 1.0
SystemCPULoad: 1.0
SystemCPULoad: 1.0
SystemCPULoad: 2.941176470588235
SystemCPULoad: 1.9801980198019802
SystemCPULoad: 1.9801980198019802
SystemCPULoad: 1.0
SystemCPULoad: 1.9801980198019802
SystemCPULoad: 1.9801980198019802
SystemCPULoad: 1.9801980198019802
SystemCPULoad: 2.941176470588235
SystemCPULoad: 1.0
SystemCPULoad: 2.941176470588235
SystemCPULoad: 0.0
SystemCPULoad: 3.9215686274509802
SystemCPULoad: 2.0
SystemCPULoad: 1.0
SystemCPULoad: 3.9603960396039604
SystemCPULoad: 2.0
SystemCPULoad: 6.9306930693069315
Connecting to replica 0 at /192.168.56.10:11000
Channel active
Connecting to replica 1 at /192.168.56.11:11010
Connecting to replica 2 at /192.168.56.12:11020
Channel active
Connecting to replica 3 at /192.168.56.13:11030
Channel active
Channel active
Connecting to replica 0 at /192.168.56.10:11000
Channel active
Connecting to replica 1 at /192.168.56.11:11010
Connecting to replica 2 at /192.168.56.12:11020
Channel active
Connecting to replica 3 at /192.168.56.13:11030
Channel active
Channel active
Connecting to replica 0 at /192.168.56.10:11000
Channel active
Connecting to replica 1 at /192.168.56.11:11010
Connecting to replica 2 at /192.168.56.12:11020
Channel active
Connecting to replica 3 at /192.168.56.13:11030
Channel active
Channel active
Connecting to replica 0 at /192.168.56.10:11000
Channel active
Connecting to replica 1 at /192.168.56.11:11010
Connecting to replica 2 at /192.168.56.12:11020
Channel active
Connecting to replica 3 at /192.168.56.13:11030
Channel active
Channel active
SystemCPULoad: 2
SystemCPULoad: 2
SystemCPULoad: 2.040816326530612290213184678577817976474761962890625
SystemCPULoad: 5.10204081632652961530993707128800451755523681640625
SystemCPULoad: 14.4144144144144146224562064162455499172210693359375
SystemCPULoad: 12.2641509433962259123518379055894911289215087890625
SystemCPULoad: 9.2682926829268286184060343657620251178741455078125
SystemCPULoad: 7.69230769230769251265655839233659207820892333984375
SystemCPULoad: 2.91262135922330056558848809800110757350921630859375
SystemCPULoad: 4.71698113207547198300062518683262169361114501953125
SystemCPULoad: 4.95049504950495045108027625246904790401458740234375
SystemCPULoad: 5.9405940594059405412963315029628574848175048828125
SystemCPULoad: 4.854368932038834572040286730043590068817138671875
SystemCPULoad: 7.76699029126213513762877482804469764232635498046875
SystemCPULoad: 5.9405940594059405412963315029628574848175048828125
SystemCPULoad: 6.9306930693069315196908064535818994045257568359375
SystemCPULoad: 6.9306930693069315196908064535818994045257568359375
SystemCPULoad: 8.7378640776699025849438839941285550594329833984375
SystemCPULoad: 7.92079207920792072172844200395047664642333984375
SystemCPULoad: 6.79611650485436857849208536208607256412506103515625
SystemCPULoad: 5.88235294117647011802318957052193582057952880859375
SystemCPULoad: 7.76699029126213513762877482804469764232635498046875
SystemCPULoad: 6.862745098039216173901877482421696186065673828125
SystemCPULoad: 5.10204081632652961530993707128800451755523681640625
SystemCPULoad: 4.901960784313725838501341058872640132904052734375
SystemCPULoad: 5
SystemCPULoad: 2.020202020202020332106940259109251201152801513671875
SystemCPULoad: 4.95049504950495045108027625246904790401458740234375
SystemCPULoad: 3.03030303030303027611580546363256871700286865234375
SystemCPULoad: 7.84313725490196045342372599407099187374114990234375
SystemCPULoad: 7.84313725490196045342372599407099187374114990234375
SystemCPULoad: 9.80392156862745167700268211774528026580810546875
SystemCPULoad: 6.79611650485436857849208536208607256412506103515625
SystemCPULoad: 6
SystemCPULoad: 3.960396039603960360864221001975238323211669921875
SystemCPULoad: 3.960396039603960360864221001975238323211669921875
SystemCPULoad: 4.95049504950495045108027625246904790401458740234375
SystemCPULoad: 4.901960784313725838501341058872640132904052734375
SystemCPULoad: 4.901960784313725838501341058872640132904052734375
SystemCPULoad: 4.901960784313725838501341058872640132904052734375
SystemCPULoad: 5.88235294117647011802318957052193582057952880859375
SystemCPULoad: 2.97029702970297027064816575148142874240875244140625
SystemCPULoad: 8.9108910891089099237660775543190538883209228515625
SystemCPULoad: 4.901960784313725838501341058872640132904052734375
SystemCPULoad: 4.854368932038834572040286730043590068817138671875
SystemCPULoad: 3.960396039603960360864221001975238323211669921875
SystemCPULoad: 3.921568627450980226711862997035495936870574951171875
SystemCPULoad: 3
SystemCPULoad: 3
SystemCPULoad: 7.92079207920792072172844200395047664642333984375
SystemCPULoad: 3.960396039603960360864221001975238323211669921875
SystemCPULoad: 4.901960784313725838501341058872640132904052734375
SystemCPULoad: 3.960396039603960360864221001975238323211669921875
SystemCPULoad: 4
SystemCPULoad: 4.901960784313725838501341058872640132904052734375
SystemCPULoad: 4.95049504950495045108027625246904790401458740234375
SystemCPULoad: 2.97029702970297027064816575148142874240875244140625
SystemCPULoad: 3.960396039603960360864221001975238323211669921875
SystemCPULoad: 3.921568627450980226711862997035495936870574951171875
SystemCPULoad: 3.03030303030303027611580546363256871700286865234375
SystemCPULoad: 3.960396039603960360864221001975238323211669921875
SystemCPULoad: 3.921568627450980226711862997035495936870574951171875
SystemCPULoad: 3.960396039603960360864221001975238323211669921875
SystemCPULoad: 3.921568627450980226711862997035495936870574951171875
SystemCPULoad: 2.97029702970297027064816575148142874240875244140625
SystemCPULoad: 2
SystemCPULoad: 2.97029702970297027064816575148142874240875244140625
SystemCPULoad: 2.97029702970297027064816575148142874240875244140625
SystemCPULoad: 3.921568627450980226711862997035495936870574951171875
SystemCPULoad: 3
SystemCPULoad: 2.97029702970297027064816575148142874240875244140625
SystemCPULoad: 4
SystemCPULoad: 3.03030303030303027611580546363256871700286865234375
SystemCPULoad: 4.901960784313725838501341058872640132904052734375
SystemCPULoad: 30.66666666666666429819088079966604709625244140625
SystemCPULoad: 4.854368932038834572040286730043590068817138671875
SystemCPULoad: 2.97029702970297027064816575148142874240875244140625
SystemCPULoad: 33.3333333333333285963817615993320941925048828125
SystemCPULoad: 2.97029702970297027064816575148142874240875244140625
SystemCPULoad: 3.960396039603960360864221001975238323211669921875
SystemCPULoad: 6.0606060606060605522316109272651374340057373046875
SystemCPULoad: 25.31645569620253155562750180251896381378173828125
SystemCPULoad: 3.960396039603960360864221001975238323211669921875
SystemCPULoad: 3.921568627450980226711862997035495936870574951171875
SystemCPULoad: 24.691358024691357542224068311043083667755126953125
SystemCPULoad: 4.854368932038834572040286730043590068817138671875
SystemCPULoad: 2.97029702970297027064816575148142874240875244140625
SystemCPULoad: 3.960396039603960360864221001975238323211669921875
SystemCPULoad: 3.960396039603960360864221001975238323211669921875
SystemCPULoad: 3.960396039603960360864221001975238323211669921875
SystemCPULoad: 2.97029702970297027064816575148142874240875244140625
SystemCPULoad: 4.854368932038834572040286730043590068817138671875
SystemCPULoad: 3.921568627450980226711862997035495936870574951171875
SystemCPULoad: 2.97029702970297027064816575148142874240875244140625
SystemCPULoad: 2
SystemCPULoad: 13.0434782608695645222951497999019920825958251953125
SystemCPULoad: 2.97029702970297027064816575148142874240875244140625
SystemCPULoad: 3.960396039603960360864221001975238323211669921875
SystemCPULoad: 4.901960784313725838501341058872640132904052734375
SystemCPULoad: 3.921568627450980226711862997035495936870574951171875
SystemCPULoad: 3.921568627450980226711862997035495936870574951171875
SystemCPULoad: 2.97029702970297027064816575148142874240875244140625
SystemCPULoad: 26.582278481012661330851187813095748424530029296875
SystemCPULoad: 1.0101010101010101660534701295546256005764007568359375
SystemCPULoad: 3.921568627450980226711862997035495936870574951171875
SystemCPULoad: 2.941176470588235059011594785260967910289764404296875
SystemCPULoad: 4.901960784313725838501341058872640132904052734375
SystemCPULoad: 3
SystemCPULoad: 4
SystemCPULoad: 6
SystemCPULoad: 2
SystemCPULoad: 6.9306930693069315196908064535818994045257568359375
SystemCPULoad: 4.95049504950495045108027625246904790401458740234375
SystemCPULoad: 2.97029702970297027064816575148142874240875244140625
SystemCPULoad: 4.04040404040404066421388051821850240230560302734375
SystemCPULoad: 1.9801980198019801804321105009876191616058349609375
SystemCPULoad: 4.854368932038834572040286730043590068817138671875
SystemCPULoad: 6.99999999999999911182158029987476766109466552734375
SystemCPULoad: 3.921568627450980226711862997035495936870574951171875
SystemCPULoad: 5.1020408163265305034883567714132368564605712890625
SystemCPULoad: 7.00000000000000088817841970012523233890533447265625
SystemCPULoad: 2.97029702970297027064816575148142874240875244140625
SystemCPULoad: 7.92079207920792072172844200395047664642333984375
SystemCPULoad: 4.901960784313725838501341058872640132904052734375
SystemCPULoad: 2.97029702970297027064816575148142874240875244140625
SystemCPULoad: 3.921568627450980226711862997035495936870574951171875
SystemCPULoad: 2.97029702970297027064816575148142874240875244140625
SystemCPULoad: 3.921568627450980226711862997035495936870574951171875
SystemCPULoad: 3.960396039603960360864221001975238323211669921875
SystemCPULoad: 3
SystemCPULoad: 3.921568627450980226711862997035495936870574951171875
SystemCPULoad: 3.03030303030303027611580546363256871700286865234375
SystemCPULoad: 4
SystemCPULoad: 4
SystemCPULoad: 10.3092783505154645951051861629821360111236572265625
SystemCPULoad: 1.9801980198019801804321105009876191616058349609375
SystemCPULoad: 7.142857142857142349612331599928438663482666015625
SystemCPULoad: 6.25
SystemCPULoad: 2
SystemCPULoad: 6.0606060606060605522316109272651374340057373046875
SystemCPULoad: 2
SystemCPULoad: 3.883495145631067568814387414022348821163177490234375
SystemCPULoad: 2
SystemCPULoad: 3.921568627450980226711862997035495936870574951171875
SystemCPULoad: 3.921568627450980226711862997035495936870574951171875
SystemCPULoad: 2
SystemCPULoad: 3.883495145631067568814387414022348821163177490234375
SystemCPULoad: 2
SystemCPULoad: 2.97029702970297027064816575148142874240875244140625
SystemCPULoad: 3.921568627450980226711862997035495936870574951171875
SystemCPULoad: 2.97029702970297027064816575148142874240875244140625
SystemCPULoad: 4.854368932038834572040286730043590068817138671875
SystemCPULoad: 2.97029702970297027064816575148142874240875244140625
SystemCPULoad: 2.97029702970297027064816575148142874240875244140625
SystemCPULoad: 2
SystemCPULoad: 2.97029702970297027064816575148142874240875244140625
SystemCPULoad: 3
SystemCPULoad: 2.97029702970297027064816575148142874240875244140625
SystemCPULoad: 2.97029702970297027064816575148142874240875244140625
SystemCPULoad: 2
SystemCPULoad: 2.97029702970297027064816575148142874240875244140625
SystemCPULoad: 3.921568627450980226711862997035495936870574951171875
SystemCPULoad: 2.97029702970297027064816575148142874240875244140625
SystemCPULoad: 6
SystemCPULoad: 1.0204081632653061451065923392889089882373809814453125
SystemCPULoad: 2
SystemCPULoad: 2.97029702970297027064816575148142874240875244140625
SystemCPULoad: 10.416666666666667850904559600166976451873779296875
SystemCPULoad: 2.97029702970297027064816575148142874240875244140625
SystemCPULoad: 2.941176470588235059011594785260967910289764404296875
SystemCPULoad: 8.333333333333332149095440399833023548126220703125
SystemCPULoad: 2
SystemCPULoad: 4
SystemCPULoad: 7.216494845360823973123842733912169933319091796875
SystemCPULoad: 7.216494845360823973123842733912169933319091796875
SystemCPULoad: 3.921568627450980226711862997035495936870574951171875
SystemCPULoad: 8.247422680412370254998677410185337066650390625
SystemCPULoad: 2.020202020202020332106940259109251201152801513671875
SystemCPULoad: 13.5416666666666660745477201999165117740631103515625
SystemCPULoad: 3
SystemCPULoad: 4.1237113402061851274993387050926685333251953125
SystemCPULoad: 10.30927835051546281874834676273167133331298828125
SystemCPULoad: 4
SystemCPULoad: 9.2783505154639183132303514867089688777923583984375
SystemCPULoad: 3.921568627450980226711862997035495936870574951171875
SystemCPULoad: 3.092783505154639289713713878882117569446563720703125
SystemCPULoad: 2.97029702970297027064816575148142874240875244140625
SystemCPULoad: 5
SystemCPULoad: 3
SystemCPULoad: 2.941176470588235059011594785260967910289764404296875
SystemCPULoad: 2.97029702970297027064816575148142874240875244140625
SystemCPULoad: 4
SystemCPULoad: 2.97029702970297027064816575148142874240875244140625
SystemCPULoad: 3
SystemCPULoad: 4.901960784313725838501341058872640132904052734375
SystemCPULoad: 3.921568627450980226711862997035495936870574951171875
SystemCPULoad: 2.941176470588235059011594785260967910289764404296875
SystemCPULoad: 2.97029702970297027064816575148142874240875244140625
SystemCPULoad: 1.0101010101010101660534701295546256005764007568359375
SystemCPULoad: 1.9801980198019801804321105009876191616058349609375
SystemCPULoad: 2
SystemCPULoad: 2.97029702970297027064816575148142874240875244140625
SystemCPULoad: 3.883495145631067568814387414022348821163177490234375
SystemCPULoad: 2.97029702970297027064816575148142874240875244140625
SystemCPULoad: 2
SystemCPULoad: 15.5555555555555553581825733999721705913543701171875
SystemCPULoad: 2
SystemCPULoad: 2
SystemCPULoad: 4.04040404040404066421388051821850240230560302734375
SystemCPULoad: 1.9801980198019801804321105009876191616058349609375
SystemCPULoad: 2.97029702970297027064816575148142874240875244140625
SystemCPULoad: 3.883495145631067568814387414022348821163177490234375
SystemCPULoad: 9.6774193548387099639285224839113652706146240234375
SystemCPULoad: 2
SystemCPULoad: 3
SystemCPULoad: 8.6021505376344098436902640969492495059967041015625
SystemCPULoad: 2.97029702970297027064816575148142874240875244140625
SystemCPULoad: 2.941176470588235059011594785260967910289764404296875
SystemCPULoad: 2.941176470588235059011594785260967910289764404296875
SystemCPULoad: 11.8279569892473119807618786580860614776611328125
SystemCPULoad: 3.921568627450980226711862997035495936870574951171875
SystemCPULoad: 1
SystemCPULoad: 3
SystemCPULoad: 3.960396039603960360864221001975238323211669921875
SystemCPULoad: 2
SystemCPULoad: 4.901960784313725838501341058872640132904052734375
SystemCPULoad: 1.9801980198019801804321105009876191616058349609375
SystemCPULoad: 2.97029702970297027064816575148142874240875244140625
SystemCPULoad: 2
SystemCPULoad: 1.9801980198019801804321105009876191616058349609375
SystemCPULoad: 2.941176470588235059011594785260967910289764404296875
SystemCPULoad: 2.020202020202020332106940259109251201152801513671875
SystemCPULoad: 1.9801980198019801804321105009876191616058349609375
SystemCPULoad: 2.97029702970297027064816575148142874240875244140625
SystemCPULoad: 1.0101010101010101660534701295546256005764007568359375
SystemCPULoad: 12.087912087912087599761434830725193023681640625
SystemCPULoad: 3.960396039603960360864221001975238323211669921875
SystemCPULoad: 5.0505050505050501641335358726792037487030029296875
SystemCPULoad: 6.12244897959183642655034418567083775997161865234375
SystemCPULoad: 10.416666666666667850904559600166976451873779296875
SystemCPULoad: 4.08163265306122458042636935715563595294952392578125
SystemCPULoad: 3.960396039603960360864221001975238323211669921875
SystemCPULoad: 2.97029702970297027064816575148142874240875244140625
SystemCPULoad: 4.08163265306122458042636935715563595294952392578125
SystemCPULoad: 3.960396039603960360864221001975238323211669921875
SystemCPULoad: 3.960396039603960360864221001975238323211669921875
SystemCPULoad: 2.97029702970297027064816575148142874240875244140625
SystemCPULoad: 4.04040404040404066421388051821850240230560302734375
SystemCPULoad: 2.97029702970297027064816575148142874240875244140625
SystemCPULoad: 3.921568627450980226711862997035495936870574951171875
SystemCPULoad: 3
SystemCPULoad: 4.08163265306122458042636935715563595294952392578125
SystemCPULoad: 5.1020408163265305034883567714132368564605712890625
SystemCPULoad: 5
SystemCPULoad: 4
SystemCPULoad: 5.05050505050505105231195557280443608760833740234375
SystemCPULoad: 3.960396039603960360864221001975238323211669921875
SystemCPULoad: 4.04040404040404066421388051821850240230560302734375
SystemCPULoad: 3
SystemCPULoad: 4
SystemCPULoad: 3
SystemCPULoad: 1.9801980198019801804321105009876191616058349609375
SystemCPULoad: 2.97029702970297027064816575148142874240875244140625
SystemCPULoad: 4
SystemCPULoad: 2.941176470588235059011594785260967910289764404296875
SystemCPULoad: 1.9801980198019801804321105009876191616058349609375
SystemCPULoad: 1.9801980198019801804321105009876191616058349609375
SystemCPULoad: 5.05050505050505105231195557280443608760833740234375
SystemCPULoad: 1
SystemCPULoad: 2
SystemCPULoad: 1.9801980198019801804321105009876191616058349609375
SystemCPULoad: 3.061224489795918213275172092835418879985809326171875
SystemCPULoad: 2.97029702970297027064816575148142874240875244140625
SystemCPULoad: 2.97029702970297027064816575148142874240875244140625
SystemCPULoad: 2
SystemCPULoad: 3.03030303030303027611580546363256871700286865234375
SystemCPULoad: 2.97029702970297027064816575148142874240875244140625
SystemCPULoad: 2.941176470588235059011594785260967910289764404296875
SystemCPULoad: 2
SystemCPULoad: 3.960396039603960360864221001975238323211669921875
SystemCPULoad: 1.0101010101010101660534701295546256005764007568359375
SystemCPULoad: 1
SystemCPULoad: 2.941176470588235059011594785260967910289764404296875
SystemCPULoad: 6.0606060606060605522316109272651374340057373046875
SystemCPULoad: 2.97029702970297027064816575148142874240875244140625
SystemCPULoad: 8.0808080808080813284277610364370048046112060546875
SystemCPULoad: 2.020202020202020332106940259109251201152801513671875
SystemCPULoad: 3
SystemCPULoad: 4.08163265306122458042636935715563595294952392578125
SystemCPULoad: 3.960396039603960360864221001975238323211669921875
SystemCPULoad: 9.375
SystemCPULoad: 2
SystemCPULoad: 4.854368932038834572040286730043590068817138671875
SystemCPULoad: 2
SystemCPULoad: 2.97029702970297027064816575148142874240875244140625
SystemCPULoad: 4.95049504950495045108027625246904790401458740234375
SystemCPULoad: 2.020202020202020332106940259109251201152801513671875
SystemCPULoad: 2.97029702970297027064816575148142874240875244140625
SystemCPULoad: 1
SystemCPULoad: 12.64367816091954210833137040026485919952392578125
SystemCPULoad: 1
SystemCPULoad: 2.941176470588235059011594785260967910289764404296875
SystemCPULoad: 2.97029702970297027064816575148142874240875244140625
SystemCPULoad: 2.97029702970297027064816575148142874240875244140625
SystemCPULoad: 2
SystemCPULoad: 2.97029702970297027064816575148142874240875244140625
SystemCPULoad: 2.941176470588235059011594785260967910289764404296875
SystemCPULoad: 1
SystemCPULoad: 1.9801980198019801804321105009876191616058349609375
SystemCPULoad: 2.97029702970297027064816575148142874240875244140625
SystemCPULoad: 2.97029702970297027064816575148142874240875244140625
SystemCPULoad: 2.97029702970297027064816575148142874240875244140625
SystemCPULoad: 2.97029702970297027064816575148142874240875244140625
SystemCPULoad: 1
SystemCPULoad: 2.97029702970297027064816575148142874240875244140625
SystemCPULoad: 5.10204081632652961530993707128800451755523681640625
SystemCPULoad: 1
SystemCPULoad: 2
SystemCPULoad: 1.9801980198019801804321105009876191616058349609375
SystemCPULoad: 1.9801980198019801804321105009876191616058349609375
SystemCPULoad: 6.00000000000000088817841970012523233890533447265625
SystemCPULoad: 6.00000000000000088817841970012523233890533447265625
SystemCPULoad: 20.689655172413797146191427600570023059844970703125
SystemCPULoad: 2
SystemCPULoad: 18.604651162790698748494833125732839107513427734375
SystemCPULoad: 1.9801980198019801804321105009876191616058349609375
SystemCPULoad: 3
SystemCPULoad: 3.883495145631067568814387414022348821163177490234375
SystemCPULoad: 2.97029702970297027064816575148142874240875244140625
SystemCPULoad: 13.3333333333333339254522798000834882259368896484375
SystemCPULoad: 3.883495145631067568814387414022348821163177490234375
SystemCPULoad: 2.97029702970297027064816575148142874240875244140625
SystemCPULoad: 1.9801980198019801804321105009876191616058349609375
SystemCPULoad: 1
SystemCPULoad: 2
SystemCPULoad: 3.061224489795918213275172092835418879985809326171875
SystemCPULoad: 2.97029702970297027064816575148142874240875244140625
SystemCPULoad: 1
SystemCPULoad: 1.9801980198019801804321105009876191616058349609375
SystemCPULoad: 4.1237113402061851274993387050926685333251953125
SystemCPULoad: 1.9801980198019801804321105009876191616058349609375
SystemCPULoad: 2.941176470588235059011594785260967910289764404296875
SystemCPULoad: 1.9801980198019801804321105009876191616058349609375
SystemCPULoad: 1.0101010101010101660534701295546256005764007568359375
SystemCPULoad: 2.97029702970297027064816575148142874240875244140625
SystemCPULoad: 2.97029702970297027064816575148142874240875244140625
SystemCPULoad: 2
SystemCPULoad: 1
SystemCPULoad: 3.921568627450980226711862997035495936870574951171875
SystemCPULoad: 2
SystemCPULoad: 2.941176470588235059011594785260967910289764404296875
SystemCPULoad: 3.03030303030303027611580546363256871700286865234375
SystemCPULoad: 2.941176470588235059011594785260967910289764404296875
SystemCPULoad: 4
SystemCPULoad: 3.061224489795918213275172092835418879985809326171875
SystemCPULoad: 1
SystemCPULoad: 4
SystemCPULoad: 2
SystemCPULoad: 2.941176470588235059011594785260967910289764404296875
SystemCPULoad: 2
SystemCPULoad: 2
SystemCPULoad: 2.941176470588235059011594785260967910289764404296875
SystemCPULoad: 0.99009900990099009021605525049380958080291748046875
SystemCPULoad: 3
SystemCPULoad: 1
SystemCPULoad: 2
SystemCPULoad: 2.97029702970297027064816575148142874240875244140625
SystemCPULoad: 3.960396039603960360864221001975238323211669921875
SystemCPULoad: 2.97029702970297027064816575148142874240875244140625
SystemCPULoad: 3
SystemCPULoad: 3
SystemCPULoad: 1.9801980198019801804321105009876191616058349609375
SystemCPULoad: 3.921568627450980226711862997035495936870574951171875
SystemCPULoad: 1.9801980198019801804321105009876191616058349609375
SystemCPULoad: 2
SystemCPULoad: 4.08163265306122458042636935715563595294952392578125
SystemCPULoad: 2.941176470588235059011594785260967910289764404296875
SystemCPULoad: 5
SystemCPULoad: 4.04040404040404066421388051821850240230560302734375
SystemCPULoad: 2.020202020202020332106940259109251201152801513671875
SystemCPULoad: 4.08163265306122458042636935715563595294952392578125
SystemCPULoad: 2
SystemCPULoad: 2.97029702970297027064816575148142874240875244140625
SystemCPULoad: 3
SystemCPULoad: 3.960396039603960360864221001975238323211669921875
SystemCPULoad: 8.1632653061224491608527387143112719058990478515625
SystemCPULoad: 7.07070707070707005215126628172583878040313720703125
SystemCPULoad: 9.1836734693877541957363064284436404705047607421875
SystemCPULoad: 2.97029702970297027064816575148142874240875244140625
SystemCPULoad: 1.9607843137254901133559314985177479684352874755859375
SystemCPULoad: 3.883495145631067568814387414022348821163177490234375
SystemCPULoad: 1.0204081632653061451065923392889089882373809814453125
SystemCPULoad: 4
SystemCPULoad: 1.9801980198019801804321105009876191616058349609375
SystemCPULoad: 1
SystemCPULoad: 3.921568627450980226711862997035495936870574951171875
SystemCPULoad: 1.9801980198019801804321105009876191616058349609375
SystemCPULoad: 2.941176470588235059011594785260967910289764404296875
SystemCPULoad: 2
SystemCPULoad: 1.030927835051546281874834676273167133331298828125
SystemCPULoad: 2.97029702970297027064816575148142874240875244140625
SystemCPULoad: 2
SystemCPULoad: 3
SystemCPULoad: 2.020202020202020332106940259109251201152801513671875
SystemCPULoad: 2.941176470588235059011594785260967910289764404296875
SystemCPULoad: 1.9801980198019801804321105009876191616058349609375
SystemCPULoad: 2.97029702970297027064816575148142874240875244140625
SystemCPULoad: 4
SystemCPULoad: 2
SystemCPULoad: 1.9801980198019801804321105009876191616058349609375
SystemCPULoad: 3
SystemCPULoad: 3.061224489795918213275172092835418879985809326171875
SystemCPULoad: 1
SystemCPULoad: 3
SystemCPULoad: 1.9801980198019801804321105009876191616058349609375
SystemCPULoad: 3.03030303030303027611580546363256871700286865234375
SystemCPULoad: 1.9801980198019801804321105009876191616058349609375
SystemCPULoad: 1.9801980198019801804321105009876191616058349609375
SystemCPULoad: 2
SystemCPULoad: 4
SystemCPULoad: 3.960396039603960360864221001975238323211669921875
SystemCPULoad: 1.9801980198019801804321105009876191616058349609375
SystemCPULoad: 2.941176470588235059011594785260967910289764404296875
SystemCPULoad: 3.092783505154639289713713878882117569446563720703125
SystemCPULoad: 2.020202020202020332106940259109251201152801513671875
SystemCPULoad: 2
SystemCPULoad: 1.9607843137254901133559314985177479684352874755859375
SystemCPULoad: 9.2783505154639183132303514867089688777923583984375
SystemCPULoad: 2.941176470588235059011594785260967910289764404296875
SystemCPULoad: 1.9801980198019801804321105009876191616058349609375
SystemCPULoad: 2
SystemCPULoad: 3.061224489795918213275172092835418879985809326171875
SystemCPULoad: 2
SystemCPULoad: 2.941176470588235059011594785260967910289764404296875
SystemCPULoad: 1.0101010101010101660534701295546256005764007568359375
SystemCPULoad: 4
SystemCPULoad: 2.941176470588235059011594785260967910289764404296875
SystemCPULoad: 2
SystemCPULoad: 2
SystemCPULoad: 3.03030303030303027611580546363256871700286865234375
SystemCPULoad: 1.9801980198019801804321105009876191616058349609375
SystemCPULoad: 1.9801980198019801804321105009876191616058349609375
SystemCPULoad: 2.941176470588235059011594785260967910289764404296875
SystemCPULoad: 3.03030303030303027611580546363256871700286865234375
SystemCPULoad: 2.97029702970297027064816575148142874240875244140625
SystemCPULoad: 3
SystemCPULoad: 1.9801980198019801804321105009876191616058349609375
SystemCPULoad: 5.1020408163265305034883567714132368564605712890625
SystemCPULoad: 2
SystemCPULoad: 2.97029702970297027064816575148142874240875244140625
SystemCPULoad: 2
SystemCPULoad: 4
SystemCPULoad: 2
SystemCPULoad: 0
SystemCPULoad: 2.97029702970297027064816575148142874240875244140625
SystemCPULoad: 2.06185567010309256374966935254633426666259765625
SystemCPULoad: 3.921568627450980226711862997035495936870574951171875
SystemCPULoad: 2
SystemCPULoad: 0
SystemCPULoad: 4.04040404040404066421388051821850240230560302734375
SystemCPULoad: 1
SystemCPULoad: 2.97029702970297027064816575148142874240875244140625
SystemCPULoad: 1.9801980198019801804321105009876191616058349609375
SystemCPULoad: 1.0204081632653061451065923392889089882373809814453125
SystemCPULoad: 1.9801980198019801804321105009876191616058349609375
SystemCPULoad: 1.9801980198019801804321105009876191616058349609375
SystemCPULoad: 1.9801980198019801804321105009876191616058349609375
SystemCPULoad: 3.921568627450980226711862997035495936870574951171875
SystemCPULoad: 1
SystemCPULoad: 1.9801980198019801804321105009876191616058349609375
SystemCPULoad: 1.9801980198019801804321105009876191616058349609375
SystemCPULoad: 11.111111111111110716365146799944341182708740234375
SystemCPULoad: 2
SystemCPULoad: 2
SystemCPULoad: 1.0101010101010101660534701295546256005764007568359375
SystemCPULoad: 2.040816326530612290213184678577817976474761962890625
SystemCPULoad: 2.941176470588235059011594785260967910289764404296875
SystemCPULoad: 1.0101010101010101660534701295546256005764007568359375
SystemCPULoad: 1.9801980198019801804321105009876191616058349609375
SystemCPULoad: 2.941176470588235059011594785260967910289764404296875
SystemCPULoad: 1.9801980198019801804321105009876191616058349609375
SystemCPULoad: 2.941176470588235059011594785260967910289764404296875
SystemCPULoad: 1.9801980198019801804321105009876191616058349609375
SystemCPULoad: 4
SystemCPULoad: 1
SystemCPULoad: 1
SystemCPULoad: 1.9801980198019801804321105009876191616058349609375
SystemCPULoad: 1.9801980198019801804321105009876191616058349609375
SystemCPULoad: 2.941176470588235059011594785260967910289764404296875
SystemCPULoad: 2.941176470588235059011594785260967910289764404296875
SystemCPULoad: 1.9801980198019801804321105009876191616058349609375
SystemCPULoad: 1.0101010101010101660534701295546256005764007568359375
SystemCPULoad: 2
SystemCPULoad: 1
SystemCPULoad: 2.941176470588235059011594785260967910289764404296875
SystemCPULoad: 3.061224489795918213275172092835418879985809326171875
SystemCPULoad: 2.941176470588235059011594785260967910289764404296875
SystemCPULoad: 2
SystemCPULoad: 1
SystemCPULoad: 3.03030303030303027611580546363256871700286865234375
SystemCPULoad: 2
SystemCPULoad: 2
SystemCPULoad: 2.97029702970297027064816575148142874240875244140625
SystemCPULoad: 3.921568627450980226711862997035495936870574951171875
SystemCPULoad: 1
SystemCPULoad: 2.97029702970297027064816575148142874240875244140625
SystemCPULoad: 2.97029702970297027064816575148142874240875244140625
SystemCPULoad: 2.91262135922330056558848809800110757350921630859375
SystemCPULoad: 2.97029702970297027064816575148142874240875244140625
SystemCPULoad: 1.9801980198019801804321105009876191616058349609375
SystemCPULoad: 1
SystemCPULoad: 22.09302325581395365361458971165120601654052734375
SystemCPULoad: 2.97029702970297027064816575148142874240875244140625
SystemCPULoad: 3.960396039603960360864221001975238323211669921875
SystemCPULoad: 3.921568627450980226711862997035495936870574951171875
SystemCPULoad: 11.5789473684210530990412735263817012310028076171875
SystemCPULoad: 3.921568627450980226711862997035495936870574951171875
SystemCPULoad: 1.9801980198019801804321105009876191616058349609375
SystemCPULoad: 1
SystemCPULoad: 3.061224489795918213275172092835418879985809326171875
SystemCPULoad: 1
SystemCPULoad: 1.9801980198019801804321105009876191616058349609375
SystemCPULoad: 0
SystemCPULoad: 2.97029702970297027064816575148142874240875244140625
SystemCPULoad: 1
SystemCPULoad: 1.9801980198019801804321105009876191616058349609375
SystemCPULoad: 1
SystemCPULoad: 2
SystemCPULoad: 1.9801980198019801804321105009876191616058349609375
SystemCPULoad: 1.9801980198019801804321105009876191616058349609375
SystemCPULoad: 1.9801980198019801804321105009876191616058349609375
SystemCPULoad: 2.91262135922330056558848809800110757350921630859375
SystemCPULoad: 1.9801980198019801804321105009876191616058349609375
SystemCPULoad: 2
SystemCPULoad: 2.97029702970297027064816575148142874240875244140625
SystemCPULoad: 2.040816326530612290213184678577817976474761962890625
SystemCPULoad: 1.9801980198019801804321105009876191616058349609375
SystemCPULoad: 1
SystemCPULoad: 1.9801980198019801804321105009876191616058349609375
SystemCPULoad: 1
SystemCPULoad: 3.960396039603960360864221001975238323211669921875
SystemCPULoad: 2.941176470588235059011594785260967910289764404296875
SystemCPULoad: 1.9801980198019801804321105009876191616058349609375
SystemCPULoad: 2.941176470588235059011594785260967910289764404296875
SystemCPULoad: 2
SystemCPULoad: 1.0101010101010101660534701295546256005764007568359375
SystemCPULoad: 1.9801980198019801804321105009876191616058349609375
SystemCPULoad: 5.10204081632652961530993707128800451755523681640625
SystemCPULoad: 1.9801980198019801804321105009876191616058349609375
SystemCPULoad: 1.9801980198019801804321105009876191616058349609375
SystemCPULoad: 3.03030303030303027611580546363256871700286865234375
SystemCPULoad: 0
SystemCPULoad: 1.9801980198019801804321105009876191616058349609375
SystemCPULoad: 3.960396039603960360864221001975238323211669921875
SystemCPULoad: 1
SystemCPULoad: 2.941176470588235059011594785260967910289764404296875
SystemCPULoad: 3.921568627450980226711862997035495936870574951171875
SystemCPULoad: 1
SystemCPULoad: 1.9801980198019801804321105009876191616058349609375
SystemCPULoad: 2.97029702970297027064816575148142874240875244140625
SystemCPULoad: 0
SystemCPULoad: 3.921568627450980226711862997035495936870574951171875
SystemCPULoad: 1.0101010101010101660534701295546256005764007568359375
SystemCPULoad: 1.9801980198019801804321105009876191616058349609375
SystemCPULoad: 2.941176470588235059011594785260967910289764404296875
SystemCPULoad: 1
SystemCPULoad: 1.9801980198019801804321105009876191616058349609375
SystemCPULoad: 1.0101010101010101660534701295546256005764007568359375
SystemCPULoad: 2
SystemCPULoad: 2
SystemCPULoad: 2
SystemCPULoad: 2.941176470588235059011594785260967910289764404296875
SystemCPULoad: 2.941176470588235059011594785260967910289764404296875
SystemCPULoad: 1.9801980198019801804321105009876191616058349609375
SystemCPULoad: 2.941176470588235059011594785260967910289764404296875
SystemCPULoad: 1
SystemCPULoad: 1.0101010101010101660534701295546256005764007568359375
SystemCPULoad: 1
SystemCPULoad: 3
SystemCPULoad: 2
SystemCPULoad: 3
SystemCPULoad: 3.921568627450980226711862997035495936870574951171875
SystemCPULoad: 1.9801980198019801804321105009876191616058349609375
SystemCPULoad: 1
SystemCPULoad: 1
SystemCPULoad: 2.941176470588235059011594785260967910289764404296875
SystemCPULoad: 1
SystemCPULoad: 2
SystemCPULoad: 1
SystemCPULoad: 1.9801980198019801804321105009876191616058349609375
SystemCPULoad: 1.9801980198019801804321105009876191616058349609375
SystemCPULoad: 1.9801980198019801804321105009876191616058349609375
SystemCPULoad: 2.97029702970297027064816575148142874240875244140625
SystemCPULoad: 1.9801980198019801804321105009876191616058349609375
SystemCPULoad: 1.9801980198019801804321105009876191616058349609375
SystemCPULoad: 2
SystemCPULoad: 1
SystemCPULoad: 2
SystemCPULoad: 1.9801980198019801804321105009876191616058349609375
SystemCPULoad: 2.97029702970297027064816575148142874240875244140625
SystemCPULoad: 2
SystemCPULoad: 1.9607843137254901133559314985177479684352874755859375
SystemCPULoad: 2.97029702970297027064816575148142874240875244140625
